<?xml version="1.0" encoding="UTF-8"?><testrun name="testRunner" project="rest" tests="1" started="1" failures="0" errors="1" ignored="0">
  <testsuite name="Runner.testRunner" time="0.001">
    <testcase name="initializationError" classname="Runner.testRunner" time="0.001">
      <error>io.cucumber.core.gherkin.FeatureParserException: Failed to parse resource at: file:///E:/bitlydemoprj/rest/src/test/java/features/bitlyapi1.feature&#13;
	at io.cucumber.core.gherkin.vintage.GherkinVintageFeatureParser.parseGherkin5(GherkinVintageFeatureParser.java:40)&#13;
	at io.cucumber.core.gherkin.vintage.GherkinVintageFeatureParser.parse(GherkinVintageFeatureParser.java:58)&#13;
	at io.cucumber.core.feature.FeatureParser.parseResource(FeatureParser.java:44)&#13;
	at io.cucumber.core.runtime.FeaturePathFeatureSupplier.lambda$new$0(FeaturePathFeatureSupplier.java:39)&#13;
	at java.util.function.BiFunction.lambda$andThen$0(Unknown Source)&#13;
	at io.cucumber.core.resource.ResourceScanner.lambda$processResource$2(ResourceScanner.java:126)&#13;
	at io.cucumber.core.resource.PathScanner$ResourceFileVisitor.visitFile(PathScanner.java:67)&#13;
	at io.cucumber.core.resource.PathScanner$ResourceFileVisitor.visitFile(PathScanner.java:52)&#13;
	at java.nio.file.Files.walkFileTree(Unknown Source)&#13;
	at java.nio.file.Files.walkFileTree(Unknown Source)&#13;
	at io.cucumber.core.resource.PathScanner.findResourcesForPath(PathScanner.java:46)&#13;
	at io.cucumber.core.resource.PathScanner.findResourcesForUri(PathScanner.java:26)&#13;
	at io.cucumber.core.resource.ResourceScanner.findResourcesForUri(ResourceScanner.java:109)&#13;
	at io.cucumber.core.resource.ResourceScanner.scanForResourcesUri(ResourceScanner.java:86)&#13;
	at io.cucumber.core.runtime.FeaturePathFeatureSupplier.loadFeatures(FeaturePathFeatureSupplier.java:62)&#13;
	at io.cucumber.core.runtime.FeaturePathFeatureSupplier.get(FeaturePathFeatureSupplier.java:46)&#13;
	at io.cucumber.junit.Cucumber.&lt;init&gt;(Cucumber.java:156)&#13;
	at sun.reflect.NativeConstructorAccessorImpl.newInstance0(Native Method)&#13;
	at sun.reflect.NativeConstructorAccessorImpl.newInstance(Unknown Source)&#13;
	at sun.reflect.DelegatingConstructorAccessorImpl.newInstance(Unknown Source)&#13;
	at java.lang.reflect.Constructor.newInstance(Unknown Source)&#13;
	at org.junit.internal.builders.AnnotatedBuilder.buildRunner(AnnotatedBuilder.java:31)&#13;
	at org.junit.internal.builders.AnnotatedBuilder.runnerForClass(AnnotatedBuilder.java:24)&#13;
	at org.junit.runners.model.RunnerBuilder.safeRunnerForClass(RunnerBuilder.java:57)&#13;
	at org.junit.internal.builders.AllDefaultPossibilitiesBuilder.runnerForClass(AllDefaultPossibilitiesBuilder.java:29)&#13;
	at org.junit.runners.model.RunnerBuilder.safeRunnerForClass(RunnerBuilder.java:57)&#13;
	at org.junit.internal.requests.ClassRequest.getRunner(ClassRequest.java:24)&#13;
	at org.eclipse.jdt.internal.junit4.runner.JUnit4TestLoader.createUnfilteredTest(JUnit4TestLoader.java:84)&#13;
	at org.eclipse.jdt.internal.junit4.runner.JUnit4TestLoader.createTest(JUnit4TestLoader.java:70)&#13;
	at org.eclipse.jdt.internal.junit4.runner.JUnit4TestLoader.loadTests(JUnit4TestLoader.java:43)&#13;
	at org.eclipse.jdt.internal.junit.runner.RemoteTestRunner.runTests(RemoteTestRunner.java:444)&#13;
	at org.eclipse.jdt.internal.junit.runner.RemoteTestRunner.runTests(RemoteTestRunner.java:675)&#13;
	at org.eclipse.jdt.internal.junit.runner.RemoteTestRunner.run(RemoteTestRunner.java:382)&#13;
	at org.eclipse.jdt.internal.junit.runner.RemoteTestRunner.main(RemoteTestRunner.java:192)&#13;
Caused by: io.cucumber.core.gherkin.vintage.internal.gherkin.ParserException$CompositeParserException: Parser errors:
(1:1): expected: #EOF, #Language, #TagLine, #FeatureLine, #Comment, #Empty, got 'Feature : To Test services in "https://bitly.com"'
(3:1): expected: #EOF, #Language, #TagLine, #FeatureLine, #Comment, #Empty, got 'Scenario : To test following methods'
(6:1): expected: #EOF, #Language, #TagLine, #FeatureLine, #Comment, #Empty, got 'Given user has generated token for Authorization'&#13;
	at io.cucumber.core.gherkin.vintage.internal.gherkin.Parser.parse(Parser.java:143)&#13;
	at io.cucumber.core.gherkin.vintage.internal.gherkin.Parser.parse(Parser.java:118)&#13;
	at io.cucumber.core.gherkin.vintage.internal.gherkin.Parser.parse(Parser.java:114)&#13;
	at io.cucumber.core.gherkin.vintage.GherkinVintageFeatureParser.parseGherkin5(GherkinVintageFeatureParser.java:29)&#13;
	... 33 more&#13;
&#13;
</error>
    </testcase>
  </testsuite>
</testrun>
