<?xml version="1.0" encoding="UTF-8"?><testrun name="testRunner" project="rest" tests="1" started="1" failures="0" errors="1" ignored="0">
  <testsuite name="Runner.testRunner" time="0.063">
    <testsuite name="To Test services in https://bitly.com" time="0.063">
      <testcase name="To test following methods" classname="To Test services in https://bitly.com" time="0.063">
        <error>io.cucumber.cucumberexpressions.CucumberExpressionException: You cannot use anchors (^ or $) in Cucumber Expressions. Please remove them from ^we validate GET/groups/{group_guid}$&#13;
	at io.cucumber.cucumberexpressions.ExpressionFactory.createRegularExpressionWithAnchors(ExpressionFactory.java:42)&#13;
	at io.cucumber.cucumberexpressions.ExpressionFactory.createExpression(ExpressionFactory.java:28)&#13;
	at io.cucumber.core.stepexpression.StepExpressionFactory.createExpression(StepExpressionFactory.java:30)&#13;
	at io.cucumber.core.runner.CoreStepDefinition.createExpression(CoreStepDefinition.java:35)&#13;
	at io.cucumber.core.runner.CoreStepDefinition.&lt;init&gt;(CoreStepDefinition.java:28)&#13;
	at io.cucumber.core.runner.CachingGlue.lambda$prepareGlue$4(CachingGlue.java:215)&#13;
	at java.util.ArrayList.forEach(Unknown Source)&#13;
	at io.cucumber.core.runner.CachingGlue.prepareGlue(CachingGlue.java:214)&#13;
	at io.cucumber.core.runner.Runner.runPickle(Runner.java:63)&#13;
	at io.cucumber.junit.PickleRunners$NoStepDescriptions.run(PickleRunners.java:149)&#13;
	at io.cucumber.junit.FeatureRunner.runChild(FeatureRunner.java:83)&#13;
	at io.cucumber.junit.FeatureRunner.runChild(FeatureRunner.java:24)&#13;
	at org.junit.runners.ParentRunner$3.run(ParentRunner.java:238)&#13;
	at org.junit.runners.ParentRunner$1.schedule(ParentRunner.java:63)&#13;
	at org.junit.runners.ParentRunner.runChildren(ParentRunner.java:236)&#13;
	at org.junit.runners.ParentRunner.access$000(ParentRunner.java:53)&#13;
	at org.junit.runners.ParentRunner$2.evaluate(ParentRunner.java:229)&#13;
	at org.junit.runners.ParentRunner.run(ParentRunner.java:309)&#13;
	at io.cucumber.junit.Cucumber.runChild(Cucumber.java:185)&#13;
	at io.cucumber.junit.Cucumber.runChild(Cucumber.java:83)&#13;
	at org.junit.runners.ParentRunner$3.run(ParentRunner.java:238)&#13;
	at org.junit.runners.ParentRunner$1.schedule(ParentRunner.java:63)&#13;
	at org.junit.runners.ParentRunner.runChildren(ParentRunner.java:236)&#13;
	at org.junit.runners.ParentRunner.access$000(ParentRunner.java:53)&#13;
	at org.junit.runners.ParentRunner$2.evaluate(ParentRunner.java:229)&#13;
	at io.cucumber.junit.Cucumber$RunCucumber.evaluate(Cucumber.java:219)&#13;
	at org.junit.runners.ParentRunner.run(ParentRunner.java:309)&#13;
	at org.eclipse.jdt.internal.junit4.runner.JUnit4TestReference.run(JUnit4TestReference.java:86)&#13;
	at org.eclipse.jdt.internal.junit.runner.TestExecution.run(TestExecution.java:38)&#13;
	at org.eclipse.jdt.internal.junit.runner.RemoteTestRunner.runTests(RemoteTestRunner.java:459)&#13;
	at org.eclipse.jdt.internal.junit.runner.RemoteTestRunner.runTests(RemoteTestRunner.java:675)&#13;
	at org.eclipse.jdt.internal.junit.runner.RemoteTestRunner.run(RemoteTestRunner.java:382)&#13;
	at org.eclipse.jdt.internal.junit.runner.RemoteTestRunner.main(RemoteTestRunner.java:192)&#13;
Caused by: java.util.regex.PatternSyntaxException: Illegal repetition near index 23&#13;
^we validate GET/groups/{group_guid}$&#13;
                       ^&#13;
	at java.util.regex.Pattern.error(Unknown Source)&#13;
	at java.util.regex.Pattern.closure(Unknown Source)&#13;
	at java.util.regex.Pattern.sequence(Unknown Source)&#13;
	at java.util.regex.Pattern.expr(Unknown Source)&#13;
	at java.util.regex.Pattern.compile(Unknown Source)&#13;
	at java.util.regex.Pattern.&lt;init&gt;(Unknown Source)&#13;
	at java.util.regex.Pattern.compile(Unknown Source)&#13;
	at io.cucumber.cucumberexpressions.ExpressionFactory.createRegularExpressionWithAnchors(ExpressionFactory.java:39)&#13;
	... 32 more&#13;
&#13;
</error>
      </testcase>
    </testsuite>
  </testsuite>
</testrun>
